writeCommonTags: couldn't write 'year' tag to 'Daft Punk/Random Access Memories/1 - Give Life Back to Music.m4a' as it's not a positive integer
writeCommonTags: couldn't write 'year' tag to 'Daft Punk/Random Access Memories/10 - Motherboard.m4a' as it's not a positive integer
writeCommonTags: couldn't write 'year' tag to 'Daft Punk/Random Access Memories/11 - Fragments of Time (feat. Todd Edwards).m4a' as it's not a positive integer
writeCommonTags: couldn't write 'year' tag to 'Daft Punk/Random Access Memories/12 - Doin' it Right (feat. Panda Bear).m4a' as it's not a positive integer
writeCommonTags: couldn't write 'year' tag to 'Daft Punk/Random Access Memories/13 - Contact.m4a' as it's not a positive integer
writeCommonTags: couldn't write 'year' tag to 'Daft Punk/Random Access Memories/2 - The Game of Love.m4a' as it's not a positive integer
writeCommonTags: couldn't write 'year' tag to 'Daft Punk/Random Access Memories/3 - Giorgio by Moroder.m4a' as it's not a positive integer
writeCommonTags: couldn't write 'year' tag to 'Daft Punk/Random Access Memories/4 - Within.m4a' as it's not a positive integer
writeCommonTags: couldn't write 'year' tag to 'Daft Punk/Random Access Memories/5 - Instant Crush (feat. Julian Casablancas).m4a' as it's not a positive integer
writeCommonTags: couldn't write 'year' tag to 'Daft Punk/Random Access Memories/6 - Lose Yourself to Dance (feat. Pharrell Williams).m4a' as it's not a positive integer
writeCommonTags: couldn't write 'year' tag to 'Daft Punk/Random Access Memories/7 - Touch (feat. Paul Williams).m4a' as it's not a positive integer
writeCommonTags: couldn't write 'year' tag to 'Daft Punk/Random Access Memories/8 - Get Lucky (feat. Pharrell Williams & Nile Rodgers).m4a' as it's not a positive integer
writeCommonTags: couldn't write 'year' tag to 'Daft Punk/Random Access Memories/9 - Beyond.m4a' as it's not a positive integer
writeCommonTags: couldn't write 'year' tag to 'Daft Punk/Random Access Memories/1 - Give Life Back to Music.m4a' as it's not a positive integer
writeCommonTags: couldn't write 'year' tag to 'Daft Punk/Random Access Memories/10 - Motherboard.m4a' as it's not a positive integer
writeCommonTags: couldn't write 'year' tag to 'Daft Punk/Random Access Memories/11 - Fragments of Time (feat. Todd Edwards).m4a' as it's not a positive integer
writeCommonTags: couldn't write 'year' tag to 'Daft Punk/Random Access Memories/12 - Doin' it Right (feat. Panda Bear).m4a' as it's not a positive integer
writeCommonTags: couldn't write 'year' tag to 'Daft Punk/Random Access Memories/13 - Contact.m4a' as it's not a positive integer
writeCommonTags: couldn't write 'year' tag to 'Daft Punk/Random Access Memories/2 - The Game of Love.m4a' as it's not a positive integer
writeCommonTags: couldn't write 'year' tag to 'Daft Punk/Random Access Memories/3 - Giorgio by Moroder.m4a' as it's not a positive integer
writeCommonTags: couldn't write 'year' tag to 'Daft Punk/Random Access Memories/4 - Within.m4a' as it's not a positive integer
writeCommonTags: couldn't write 'year' tag to 'Daft Punk/Random Access Memories/5 - Instant Crush (feat. Julian Casablancas).m4a' as it's not a positive integer
writeCommonTags: couldn't write 'year' tag to 'Daft Punk/Random Access Memories/6 - Lose Yourself to Dance (feat. Pharrell Williams).m4a' as it's not a positive integer
writeCommonTags: couldn't write 'year' tag to 'Daft Punk/Random Access Memories/7 - Touch (feat. Paul Williams).m4a' as it's not a positive integer
writeCommonTags: couldn't write 'year' tag to 'Daft Punk/Random Access Memories/8 - Get Lucky (feat. Pharrell Williams & Nile Rodgers).m4a' as it's not a positive integer
writeCommonTags: couldn't write 'year' tag to 'Daft Punk/Random Access Memories/9 - Beyond.m4a' as it's not a positive integer
writeCommonTags: couldn't write 'year' tag to 'Daft Punk/Discovery/1 - One More Time.m4a' as it's not a positive integer
writeCommonTags: couldn't write 'year' tag to 'Daft Punk/Discovery/10 - Voyager.m4a' as it's not a positive integer
writeCommonTags: couldn't write 'year' tag to 'Daft Punk/Discovery/11 - Veridis Quo.m4a' as it's not a positive integer
writeCommonTags: couldn't write 'year' tag to 'Daft Punk/Discovery/12 - Short Circuit.m4a' as it's not a positive integer
writeCommonTags: couldn't write 'year' tag to 'Daft Punk/Discovery/13 - Face to Face.m4a' as it's not a positive integer
writeCommonTags: couldn't write 'year' tag to 'Daft Punk/Discovery/14 - Too Long.m4a' as it's not a positive integer
writeCommonTags: couldn't write 'year' tag to 'Daft Punk/Discovery/2 - Aerodynamic.m4a' as it's not a positive integer
writeCommonTags: couldn't write 'year' tag to 'Daft Punk/Discovery/3 - Digital Love.m4a' as it's not a positive integer
writeCommonTags: couldn't write 'year' tag to 'Daft Punk/Discovery/4 - Harder, Better, Faster, Stronger.m4a' as it's not a positive integer
writeCommonTags: couldn't write 'year' tag to 'Daft Punk/Discovery/5 - Crescendolls.m4a' as it's not a positive integer
writeCommonTags: couldn't write 'year' tag to 'Daft Punk/Discovery/6 - Nightvision.m4a' as it's not a positive integer
writeCommonTags: couldn't write 'year' tag to 'Daft Punk/Discovery/7 - Superheroes.m4a' as it's not a positive integer
writeCommonTags: couldn't write 'year' tag to 'Daft Punk/Discovery/8 - High Life.m4a' as it's not a positive integer
writeCommonTags: couldn't write 'year' tag to 'Daft Punk/Discovery/9 - Something About Us.m4a' as it's not a positive integer
